[debug] [2024-09-19T06:55:01.803Z] ----------------------------------------------------------------------
[debug] [2024-09-19T06:55:01.807Z] Command:       /home/mobicloud/.nvm/versions/node/v20.17.0/bin/node /home/mobicloud/.nvm/versions/node/v20.17.0/bin/firebase init
[debug] [2024-09-19T06:55:01.808Z] CLI Version:   13.17.0
[debug] [2024-09-19T06:55:01.808Z] Platform:      linux
[debug] [2024-09-19T06:55:01.809Z] Node Version:  v20.17.0
[debug] [2024-09-19T06:55:01.809Z] Time:          Thu Sep 19 2024 12:25:01 GMT+0530 (India Standard Time)
[debug] [2024-09-19T06:55:01.809Z] ----------------------------------------------------------------------
[debug] 
[debug] [2024-09-19T06:55:01.818Z] > command requires scopes: ["email","openid","https://www.googleapis.com/auth/cloudplatformprojects.readonly","https://www.googleapis.com/auth/firebase","https://www.googleapis.com/auth/cloud-platform"]
[debug] [2024-09-19T06:55:01.819Z] > authorizing via signed-in user (intern.mobicloud@gmail.com)
[info] 
     ######## #### ########  ######## ########     ###     ######  ########
     ##        ##  ##     ## ##       ##     ##  ##   ##  ##       ##
     ######    ##  ########  ######   ########  #########  ######  ######
     ##        ##  ##    ##  ##       ##     ## ##     ##       ## ##
     ##       #### ##     ## ######## ########  ##     ##  ######  ########

You're about to initialize a Firebase project in this directory:

  /home/mobicloud/Desktop/NewTata

[info] 
=== Project Setup
[info] 
[info] First, let's associate this project directory with a Firebase project.
[info] You can create multiple project aliases by running firebase use --add, 
[info] but for now we'll just set up a default project.
[info] 
[debug] [2024-09-19T07:01:27.945Z] >>> [apiv2][query] GET https://firebase.googleapis.com/v1beta1/projects pageSize=100
[debug] [2024-09-19T07:01:28.787Z] <<< [apiv2][status] GET https://firebase.googleapis.com/v1beta1/projects 200
[debug] [2024-09-19T07:01:28.788Z] <<< [apiv2][body] GET https://firebase.googleapis.com/v1beta1/projects [omitted]
[info] i  Using project tata-51083 (TATA) 
[info] 
=== Functions Setup
[debug] [2024-09-19T07:01:30.021Z] > command requires scopes: ["email","openid","https://www.googleapis.com/auth/cloudplatformprojects.readonly","https://www.googleapis.com/auth/firebase","https://www.googleapis.com/auth/cloud-platform"]
[debug] [2024-09-19T07:01:30.022Z] > authorizing via signed-in user (intern.mobicloud@gmail.com)
[debug] [2024-09-19T07:01:30.022Z] [iam] checking project tata-51083 for permissions ["firebase.projects.get"]
[debug] [2024-09-19T07:01:30.023Z] >>> [apiv2][query] POST https://cloudresourcemanager.googleapis.com/v1/projects/tata-51083:testIamPermissions [none]
[debug] [2024-09-19T07:01:30.023Z] >>> [apiv2][(partial)header] POST https://cloudresourcemanager.googleapis.com/v1/projects/tata-51083:testIamPermissions x-goog-quota-user=projects/tata-51083
[debug] [2024-09-19T07:01:30.023Z] >>> [apiv2][body] POST https://cloudresourcemanager.googleapis.com/v1/projects/tata-51083:testIamPermissions {"permissions":["firebase.projects.get"]}
[debug] [2024-09-19T07:01:31.494Z] <<< [apiv2][status] POST https://cloudresourcemanager.googleapis.com/v1/projects/tata-51083:testIamPermissions 200
[debug] [2024-09-19T07:01:31.495Z] <<< [apiv2][body] POST https://cloudresourcemanager.googleapis.com/v1/projects/tata-51083:testIamPermissions {"permissions":["firebase.projects.get"]}
[debug] [2024-09-19T07:01:31.496Z] >>> [apiv2][query] GET https://serviceusage.googleapis.com/v1/projects/tata-51083/services/cloudfunctions.googleapis.com [none]
[debug] [2024-09-19T07:01:31.496Z] >>> [apiv2][(partial)header] GET https://serviceusage.googleapis.com/v1/projects/tata-51083/services/cloudfunctions.googleapis.com x-goog-quota-user=projects/tata-51083
[debug] [2024-09-19T07:01:31.498Z] >>> [apiv2][query] GET https://serviceusage.googleapis.com/v1/projects/tata-51083/services/runtimeconfig.googleapis.com [none]
[debug] [2024-09-19T07:01:31.498Z] >>> [apiv2][(partial)header] GET https://serviceusage.googleapis.com/v1/projects/tata-51083/services/runtimeconfig.googleapis.com x-goog-quota-user=projects/tata-51083
[debug] [2024-09-19T07:01:33.362Z] <<< [apiv2][status] GET https://serviceusage.googleapis.com/v1/projects/tata-51083/services/runtimeconfig.googleapis.com 200
[debug] [2024-09-19T07:01:33.362Z] <<< [apiv2][body] GET https://serviceusage.googleapis.com/v1/projects/tata-51083/services/runtimeconfig.googleapis.com [omitted]
[debug] [2024-09-19T07:01:33.375Z] <<< [apiv2][status] GET https://serviceusage.googleapis.com/v1/projects/tata-51083/services/cloudfunctions.googleapis.com 200
[debug] [2024-09-19T07:01:33.376Z] <<< [apiv2][body] GET https://serviceusage.googleapis.com/v1/projects/tata-51083/services/cloudfunctions.googleapis.com [omitted]
[debug] [2024-09-19T07:01:33.377Z] >>> [apiv2][query] POST https://serviceusage.googleapis.com/v1/projects/tata-51083/services/cloudfunctions.googleapis.com:enable [none]
[debug] [2024-09-19T07:01:33.377Z] >>> [apiv2][(partial)header] POST https://serviceusage.googleapis.com/v1/projects/tata-51083/services/cloudfunctions.googleapis.com:enable x-goog-quota-user=projects/tata-51083
[debug] [2024-09-19T07:01:33.989Z] <<< [apiv2][status] POST https://serviceusage.googleapis.com/v1/projects/tata-51083/services/cloudfunctions.googleapis.com:enable 200
[debug] [2024-09-19T07:01:33.989Z] <<< [apiv2][body] POST https://serviceusage.googleapis.com/v1/projects/tata-51083/services/cloudfunctions.googleapis.com:enable [omitted]
[debug] [2024-09-19T07:01:43.993Z] >>> [apiv2][query] GET https://serviceusage.googleapis.com/v1/projects/tata-51083/services/cloudfunctions.googleapis.com [none]
[debug] [2024-09-19T07:01:43.993Z] >>> [apiv2][(partial)header] GET https://serviceusage.googleapis.com/v1/projects/tata-51083/services/cloudfunctions.googleapis.com x-goog-quota-user=projects/tata-51083
[debug] [2024-09-19T07:01:45.822Z] <<< [apiv2][status] GET https://serviceusage.googleapis.com/v1/projects/tata-51083/services/cloudfunctions.googleapis.com 200
[debug] [2024-09-19T07:01:45.822Z] <<< [apiv2][body] GET https://serviceusage.googleapis.com/v1/projects/tata-51083/services/cloudfunctions.googleapis.com [omitted]
[info] Let's create a new codebase for your functions.
[info] A directory corresponding to the codebase will be created in your project
[info] with sample code pre-configured.

[info] See https://firebase.google.com/docs/functions/organize-functions for
[info] more information on organizing your functions using codebases.

[info] Functions can be deployed with firebase deploy.

